data_path pointing to the root dir of the bigtbl row: /home/leoyu/Cebinae/ns/index/tbl2/r7
Bottleneck BW: 100Mbps
Buffer size: 850p
RTTs: [u'100.0ms', u'100.0ms']
CCAs: [u'TcpVegas', u'TcpNewReno']
# flows per group: [16, 1]
--- Throughput ---
  FIFO: 98710602.182
  FQ: 98631284.364
  Cebinae: 96871805.091
--- Goodput ---
  FIFO: 95062225.455
  FQ: 95022429.091
  Cebinae: 93325265.455
--- JFI (tpt) ---
  FIFO: 0.093
  FQ: 0.473
  Cebinae: 0.985
--- JFI (gpt) ---
  FIFO: 0.093
  FQ: 0.473
  Cebinae: 0.984 