data_path pointing to the root dir of the bigtbl row: /home/leoyu/Cebinae/ns/index/bigtbl/r9
Bottleneck BW: 1000Mbps
Buffer size: 420p
RTTs: ['5.0ms', '5.0ms']
CCAs: ['TcpNewReno', 'TcpCubic']
# flows per group: [32, 32]
--- Throughput ---
  FIFO: 989845685.818
  FQ: 989845565.091
  Cebinae: 975594917.818
--- Goodput ---
  FIFO: 954045556.364
  FQ: 954046138.182
  Cebinae: 940306618.182
--- JFI (tpt) ---
  FIFO: 0.771
  FQ: 0.974
  Cebinae: 0.872
--- JFI (gpt) ---
  FIFO: 0.771
  FQ: 0.974
  Cebinae: 0.872 