data_path pointing to the root dir of the bigtbl row: /home/leoyu/Cebinae/ns/index/tbl2/r10
Bottleneck BW: 1000Mbps
Buffer size: 8500p
RTTs: [u'100.0ms', u'100.0ms']
CCAs: [u'TcpNewReno', u'TcpCubic']
# flows per group: [32, 32]
--- Throughput ---
  FIFO: 985981688.727
  FQ: 937014224.000
  Cebinae: 943143789.091
--- Goodput ---
  FIFO: 949859258.182
  FQ: 902526836.364
  Cebinae: 906878138.182
--- JFI (tpt) ---
  FIFO: 0.619
  FQ: 0.978
  Cebinae: 0.857
--- JFI (gpt) ---
  FIFO: 0.619
  FQ: 0.978
  Cebinae: 0.857