data_path pointing to the root dir of the bigtbl row: /home/leoyu/Cebinae/ns/index/bigtbl/r2/
Bottleneck BW: 100Mbps
RTTs: [u'20.4ms', u'60.0ms']
CCAs: [u'TcpVegas', u'TcpVegas']
# flows per group: [2, 8]
--- Throughput ---
  FIFO: 98880706.909
  FQ: 98881672.727
  Cebinae: 98801872.000
--- Goodput ---
  FIFO: 95289600.000
  FQ: 95290647.273
  Cebinae: 95212800.000
--- JFI (tpt) ---
  FIFO: 0.873
  FQ: 0.892
  Cebinae: 0.972
--- JFI (gpt) ---
  FIFO: 0.873
  FQ: 0.892
  Cebinae: 0.972  

parse_bigtbl: 0.00s