data_path pointing to the root dir of the bigtbl row: /home/leoyu/Cebinae/ns/index/bigtbl/r14-1
Bottleneck BW: 1000Mbps
Buffer size: 850p
RTTs: ['10.0ms', '10.0ms']
CCAs: ['TcpVegas', 'TcpBbr']
# flows per group: [128, 1]
--- Throughput ---
  FIFO: 989788219.636
  FQ: 989794859.636
  Cebinae: 987276005.818
--- Goodput ---
  FIFO: 953961309.091
  FQ: 953972829.091
  Cebinae: 951535825.455
--- JFI (tpt) ---
  FIFO: 0.886
  FQ: 0.965
  Cebinae: 0.985
--- JFI (gpt) ---
  FIFO: 0.886
  FQ: 0.965
  Cebinae: 0.985 