data_path pointing to the root dir of the bigtbl row: /home/leoyu/Cebinae/ns/index/bigtbl/r10
Bottleneck BW: 1000Mbps
Buffer size: 4200p
RTTs: [u'50.0ms', u'50.0ms']
CCAs: [u'TcpNewReno', u'TcpBbr']
# flows per group: [64, 1]
--- Throughput ---
  FIFO: 988389111.273
  FQ: 943779538.909
  Cebinae: 976557476.364
--- Goodput ---
  FIFO: 952420770.909
  FQ: 909404276.364
  Cebinae: 937596974.545
--- JFI (tpt) ---
  FIFO: 0.974
  FQ: 0.975
  Cebinae: 0.982
--- JFI (gpt) ---
  FIFO: 0.974
  FQ: 0.974
  Cebinae: 0.982  